<?xml version="1.0" encoding="UTF-8"?>
<testsuites name="sck-online-store" tests="5" time="0.422">
  <testsuite name="search-product" id="3d71ff77-c45e-4114-b34a-5d7bbff2e290" timestamp="2024-09-08T08:47:52.122Z" tests="2" failures="0" errors="0" time="0.163">
    <testcase name="search product should return status code 200" time="0.163" classname="SearchProduct"/>
    <testcase name="should contain product name 'Balance Training Bicycle'" time="0.163" classname="SearchProduct"/>
  </testsuite>
  <testsuite name="check product detail" id="d6bdcda1-ac64-4004-a3e5-d2a162f80657" timestamp="2024-09-08T08:47:52.122Z" tests="2" failures="0" errors="0" time="0.011">
    <testcase name="check product detail should return status code 200" time="0.011" classname="CheckProductDetail"/>
    <testcase name="'Balance Training Bicycle' price should be 119.95" time="0.011" classname="CheckProductDetail"/>
  </testsuite>
  <testsuite name="add cart" id="be04caee-6165-4425-804b-ef156c0b0a05" timestamp="2024-09-08T08:47:52.122Z" tests="3" failures="0" errors="0" time="0.033">
    <testcase name="add cart should return status code 200" time="0.033" classname="AddCart"/>
    <testcase name="summary price should be 119.95" time="0.033" classname="AddCart"/>
    <testcase name="receive point should be 43" time="0.033" classname="AddCart"/>
  </testsuite>
  <testsuite name="order" id="a86e0e7e-0271-4e5e-a955-9cf88e5bd35a" timestamp="2024-09-08T08:47:52.122Z" tests="2" failures="0" errors="0" time="0.211">
    <testcase name="add cart should return status code 200" time="0.211" classname="Order"/>
    <testcase name="order id should not empty" time="0.211" classname="Order"/>
  </testsuite>
  <testsuite name="confirm payment" id="59fb8011-50ca-4e98-89b6-a60c4c99438f" timestamp="2024-09-08T08:47:52.122Z" tests="3" failures="3" errors="0" time="0.004">
    <testcase name="confirm payment should return status code 200" time="0.004" classname="ConfirmPayment">
      <failure type="AssertionFailure" message="expected response to have status code 200 but got 500">
        <![CDATA[Failed 1 times.]]>
        <![CDATA[Collection JSON ID: c03da805-4d43-49ad-83d2-f1b71ea8aa40.]]>
        <![CDATA[Collection name: sck-online-store.]]>
        <![CDATA[Request name: confirm payment.]]>
        <![CDATA[Test description: confirm payment should return status code 200.]]>
        <![CDATA[Error message: expected response to have status code 200 but got 500.]]>
        <![CDATA[Stacktrace: AssertionError: expected response to have status code 200 but got 500
   at Object.eval sandbox-script.js:1:5).]]>
      </failure>
    </testcase>
    <testcase name="order id should not empty" time="0.004" classname="ConfirmPayment">
      <failure type="AssertionFailure" message="expected undefined not to be undefined">
        <![CDATA[Failed 1 times.]]>
        <![CDATA[Collection JSON ID: c03da805-4d43-49ad-83d2-f1b71ea8aa40.]]>
        <![CDATA[Collection name: sck-online-store.]]>
        <![CDATA[Request name: confirm payment.]]>
        <![CDATA[Test description: order id should not empty.]]>
        <![CDATA[Error message: expected undefined not to be undefined.]]>
        <![CDATA[Stacktrace: AssertionError: expected undefined not to be undefined
   at Object.eval sandbox-script.js:2:5).]]>
      </failure>
    </testcase>
    <testcase name="tracking number should not empty" time="0.004" classname="ConfirmPayment">
      <failure type="AssertionFailure" message="expected undefined not to be undefined">
        <![CDATA[Failed 1 times.]]>
        <![CDATA[Collection JSON ID: c03da805-4d43-49ad-83d2-f1b71ea8aa40.]]>
        <![CDATA[Collection name: sck-online-store.]]>
        <![CDATA[Request name: confirm payment.]]>
        <![CDATA[Test description: tracking number should not empty.]]>
        <![CDATA[Error message: expected undefined not to be undefined.]]>
        <![CDATA[Stacktrace: AssertionError: expected undefined not to be undefined
   at Object.eval sandbox-script.js:3:5).]]>
      </failure>
    </testcase>
  </testsuite>
</testsuites>