<?xml version="1.0" encoding="UTF-8"?>
<testsuites name="sck-online-store" tests="5" time="0.092">
  <testsuite name="search-product" id="242daf18-5e46-4bdf-a6b6-7897f0665353" timestamp="2024-08-05T04:11:21.878Z" tests="2" failures="0" errors="0" time="0.059">
    <testcase name="search product should return status code 200" time="0.059" classname="SckOnlineStore"/>
    <testcase name="should contain product name 'Balance Training Bicycle'" time="0.059" classname="SckOnlineStore"/>
  </testsuite>
  <testsuite name="check product detail" id="99139441-8354-4cd1-abd8-1b5e6b0d0a12" timestamp="2024-08-05T04:11:21.878Z" tests="2" failures="0" errors="0" time="0.003">
    <testcase name="check product detail should return status code 200" time="0.003" classname="SckOnlineStore"/>
    <testcase name="'Balance Training Bicycle' price should be 119.95" time="0.003" classname="SckOnlineStore"/>
  </testsuite>
  <testsuite name="add cart" id="8216d5f1-026c-418e-8ddc-8f7617e89851" timestamp="2024-08-05T04:11:21.878Z" tests="3" failures="2" errors="0" time="0.007">
    <testcase name="add cart should return status code 200" time="0.007" classname="SckOnlineStore"/>
    <testcase name="summary price should be 119.95" time="0.007" classname="SckOnlineStore">
      <failure type="AssertionFailure" message="expected 239.9 to deeply equal 119.95">
        <![CDATA[Failed 1 times.]]>
        <![CDATA[Collection JSON ID: c03da805-4d43-49ad-83d2-f1b71ea8aa40.]]>
        <![CDATA[Collection name: sck-online-store.]]>
        <![CDATA[Request name: add cart.]]>
        <![CDATA[Test description: summary price should be 119.95.]]>
        <![CDATA[Error message: expected 239.9 to deeply equal 119.95.]]>
        <![CDATA[Stacktrace: AssertionError: expected 239.9 to deeply equal 119.95
   at Object.eval sandbox-script.js:2:3).]]>
      </failure>
    </testcase>
    <testcase name="receive point should be 43" time="0.007" classname="SckOnlineStore">
      <failure type="AssertionFailure" message="expected 86 to deeply equal 43">
        <![CDATA[Failed 1 times.]]>
        <![CDATA[Collection JSON ID: c03da805-4d43-49ad-83d2-f1b71ea8aa40.]]>
        <![CDATA[Collection name: sck-online-store.]]>
        <![CDATA[Request name: add cart.]]>
        <![CDATA[Test description: receive point should be 43.]]>
        <![CDATA[Error message: expected 86 to deeply equal 43.]]>
        <![CDATA[Stacktrace: AssertionError: expected 86 to deeply equal 43
   at Object.eval sandbox-script.js:3:3).]]>
      </failure>
    </testcase>
  </testsuite>
  <testsuite name="order" id="a2574f98-87eb-4a87-ba80-9d6e2eb95000" timestamp="2024-08-05T04:11:21.878Z" tests="2" failures="2" errors="0" time="0.021">
    <testcase name="add cart should return status code 200" time="0.021" classname="SckOnlineStore">
      <failure type="AssertionFailure" message="expected response to have status code 200 but got 500">
        <![CDATA[Failed 1 times.]]>
        <![CDATA[Collection JSON ID: c03da805-4d43-49ad-83d2-f1b71ea8aa40.]]>
        <![CDATA[Collection name: sck-online-store.]]>
        <![CDATA[Request name: order.]]>
        <![CDATA[Test description: add cart should return status code 200.]]>
        <![CDATA[Error message: expected response to have status code 200 but got 500.]]>
        <![CDATA[Stacktrace: AssertionError: expected response to have status code 200 but got 500
   at Object.eval sandbox-script.js:1:4).]]>
      </failure>
    </testcase>
    <testcase name="order id should not empty" time="0.021" classname="SckOnlineStore">
      <failure type="AssertionFailure" message="expected undefined not to be undefined">
        <![CDATA[Failed 1 times.]]>
        <![CDATA[Collection JSON ID: c03da805-4d43-49ad-83d2-f1b71ea8aa40.]]>
        <![CDATA[Collection name: sck-online-store.]]>
        <![CDATA[Request name: order.]]>
        <![CDATA[Test description: order id should not empty.]]>
        <![CDATA[Error message: expected undefined not to be undefined.]]>
        <![CDATA[Stacktrace: AssertionError: expected undefined not to be undefined
   at Object.eval sandbox-script.js:2:4).]]>
      </failure>
    </testcase>
  </testsuite>
  <testsuite name="confirm payment" id="bc2995c9-d4f7-40c0-8b5d-606b0444cd39" timestamp="2024-08-05T04:11:21.878Z" tests="1" failures="1" errors="1" time="0.002">
    <system-err><![CDATA[Iteration: 0

---
testScriptError: Unexpected token 'i' at 1:1
invalid character ',' looking for beginning of value
^
---
]]></system-err>
    <testcase name="confirm payment should return status code 200" time="0.002" classname="SckOnlineStore">
      <failure type="AssertionFailure" message="expected response to have status code 200 but got 400">
        <![CDATA[Failed 1 times.]]>
        <![CDATA[Collection JSON ID: c03da805-4d43-49ad-83d2-f1b71ea8aa40.]]>
        <![CDATA[Collection name: sck-online-store.]]>
        <![CDATA[Request name: confirm payment.]]>
        <![CDATA[Test description: confirm payment should return status code 200.]]>
        <![CDATA[Error message: expected response to have status code 200 but got 400.]]>
        <![CDATA[Stacktrace: AssertionError: expected response to have status code 200 but got 400
   at Object.eval sandbox-script.js:1:5).]]>
      </failure>
    </testcase>
  </testsuite>
</testsuites>